<?xml version="1.0" encoding="UTF-8"?>
<!-- Generated by org.testng.reporters.JUnitReportReporter -->
<testsuite skipped="0" hostname="DESKTOP-JM4T2B2" name="com.crm.qa.testcases.e2eTestCase" tests="1" failures="0" timestamp="04 Feb 2020 09:13:43 GMT" time="24.570" errors="0">
  <testcase name="e2eTest" time="24.570" classname="com.crm.qa.testcases.e2eTestCase"/>
</testsuite> <!-- com.crm.qa.testcases.e2eTestCase -->
